Traceback (most recent call last):
  File "/Users/macbook/Documents/Oscuro_Tienda/main.py", line 1, in <module>
    from aiogram import Bot, Dispatcher, types
  File "/Library/Frameworks/Python.framework/Versions/3.13/lib/python3.13/site-packages/aiogram/__init__.py", line 6, in <module>
    from . import enums, methods, types
  File "/Library/Frameworks/Python.framework/Versions/3.13/lib/python3.13/site-packages/aiogram/methods/__init__.py", line 1, in <module>
    from .add_sticker_to_set import AddStickerToSet
  File "/Library/Frameworks/Python.framework/Versions/3.13/lib/python3.13/site-packages/aiogram/methods/add_sticker_to_set.py", line 5, in <module>
    from ..types import InputSticker
  File "/Library/Frameworks/Python.framework/Versions/3.13/lib/python3.13/site-packages/aiogram/types/__init__.py", line 3, in <module>
    from .affiliate_info import AffiliateInfo
  File "/Library/Frameworks/Python.framework/Versions/3.13/lib/python3.13/site-packages/aiogram/types/affiliate_info.py", line 5, in <module>
    from .base import TelegramObject
  File "/Library/Frameworks/Python.framework/Versions/3.13/lib/python3.13/site-packages/aiogram/types/base.py", line 6, in <module>
    from aiogram.client.context_controller import BotContextController
  File "/Library/Frameworks/Python.framework/Versions/3.13/lib/python3.13/site-packages/aiogram/client/context_controller.py", line 3, in <module>
    from pydantic import BaseModel, PrivateAttr
  File "/Library/Frameworks/Python.framework/Versions/3.13/lib/python3.13/site-packages/pydantic/__init__.py", line 421, in __getattr__
    module = import_module(module_name, package=package)
  File "/Library/Frameworks/Python.framework/Versions/3.13/lib/python3.13/importlib/__init__.py", line 88, in import_module
    return _bootstrap._gcd_import(name[level:], package, level)
           ~~~~~~~~~~~~~~~~~~~~~~^^^^^^^^^^^^^^^^^^^^^^^^^^^^^^
  File "/Library/Frameworks/Python.framework/Versions/3.13/lib/python3.13/site-packages/pydantic/fields.py", line 15, in <module>
    import annotated_types
ModuleNotFoundError: No module named 'annotated_types'
